<?xml version="1.0" encoding="UTF-8"?>
<!-- Generated by org.testng.reporters.JUnitXMLReporter -->
<testsuite ignored="0" hostname="LTIN593164" failures="0" tests="3" name="Default test" time="33.718" errors="0" timestamp="2025-04-22T08:57:51 IST">
  <testcase classname="StepDefinitions.UsedCars" name="navigateToUsedCars" time="7.799"/>
  <testcase classname="StepDefinitions.UsedCars" name="selectCityChennai" time="0.314"/>
  <testcase classname="StepDefinitions.UsedCars" name="verifyPopularModels" time="0.499"/>
</testsuite> <!-- Default test -->
