<?xml version="1.0" encoding="UTF-8"?>
<testng-results ignored="0" total="3" passed="3" failed="0" skipped="0">
  <reporter-output>
  </reporter-output>
  <suite started-at="2025-04-22T08:57:17 IST" name="Default suite" finished-at="2025-04-22T08:57:50 IST" duration-ms="33718">
    <groups>
    </groups>
    <test started-at="2025-04-22T08:57:17 IST" name="Default test" finished-at="2025-04-22T08:57:50 IST" duration-ms="33718">
      <class name="StepDefinitions.UsedCars">
        <test-method is-config="true" signature="setUp()[pri:0, instance:StepDefinitions.UsedCars@661972b0]" started-at="2025-04-22T08:57:17 IST" name="setUp" finished-at="2025-04-22T08:57:37 IST" duration-ms="20230" status="PASS">
          <reporter-output>
          </reporter-output>
        </test-method> <!-- setUp -->
        <test-method signature="navigateToUsedCars()[pri:1, instance:StepDefinitions.UsedCars@661972b0]" started-at="2025-04-22T08:57:37 IST" name="navigateToUsedCars" finished-at="2025-04-22T08:57:45 IST" duration-ms="7799" status="PASS">
          <reporter-output>
          </reporter-output>
        </test-method> <!-- navigateToUsedCars -->
        <test-method signature="selectCityChennai()[pri:2, instance:StepDefinitions.UsedCars@661972b0]" started-at="2025-04-22T08:57:45 IST" name="selectCityChennai" finished-at="2025-04-22T08:57:45 IST" duration-ms="314" status="PASS">
          <reporter-output>
          </reporter-output>
        </test-method> <!-- selectCityChennai -->
        <test-method signature="verifyPopularModels()[pri:3, instance:StepDefinitions.UsedCars@661972b0]" started-at="2025-04-22T08:57:45 IST" name="verifyPopularModels" finished-at="2025-04-22T08:57:46 IST" duration-ms="499" status="PASS">
          <reporter-output>
          </reporter-output>
        </test-method> <!-- verifyPopularModels -->
        <test-method is-config="true" signature="tearDown()[pri:0, instance:StepDefinitions.UsedCars@661972b0]" started-at="2025-04-22T08:57:46 IST" name="tearDown" finished-at="2025-04-22T08:57:50 IST" duration-ms="4778" status="PASS">
          <reporter-output>
          </reporter-output>
        </test-method> <!-- tearDown -->
      </class> <!-- StepDefinitions.UsedCars -->
    </test> <!-- Default test -->
  </suite> <!-- Default suite -->
</testng-results>
